<?xml version="1.0" encoding="UTF-8"?>
<!-- Generated by org.testng.reporters.JUnitXMLReporter -->
<testsuite hostname="LAPTOP-COQHVDGR" ignored="0" name="Test" tests="30" failures="2" timestamp="03 Jun 2021 11:21:00 GMT" time="89.592" errors="0">
  <testcase name="verifyUrlOfLoginPage" time="0.02" classname="com.jbk.tests.LoginTest"/>
  <testcase name="verifyUrl" time="0.008" classname="com.jbk.tests.RegisterTest"/>
  <testcase name="verifyUrl" time="0.008" classname="com.jbk.tests.DashboardTest"/>
  <testcase name="verifyHeadingsAl" time="0.102" classname="com.jbk.tests.UsersTest"/>
  <testcase name="verifyPrintingDragDownOptions" time="0.151" classname="com.jbk.tests.AddUserTest"/>
  <testcase name="verifycontactNoLength" time="0.195" classname="com.jbk.tests.OperatorsTest"/>
  <testcase name="verifyOperatingSystem_32bit" time="0.256" classname="com.jbk.tests.DownloadsTest"/>
  <testcase name="verifyClickGO" time="12.847" classname="com.jbk.tests.UsefulLinksTest">
    <failure type="java.lang.AssertionError" message="expected [true] but found [false]">
      <![CDATA[java.lang.AssertionError: expected [true] but found [false]
	at com.jbk.tests.UsefulLinksTest.verifyClickGO(UsefulLinksTest.java:35)
... Removed 29 stack frames]]>
    </failure>
  </testcase> <!-- verifyClickGO -->
  <testcase name="verifyTitle" time="0.008" classname="com.jbk.tests.LoginTest"/>
  <testcase name="verifyTitle" time="0.011" classname="com.jbk.tests.RegisterTest"/>
  <testcase name="verifyTitle" time="0.01" classname="com.jbk.tests.DashboardTest"/>
  <testcase name="verifyMobNoLength" time="0.152" classname="com.jbk.tests.UsersTest"/>
  <testcase name="verifyprintingDragDownOptExcel" time="0.776" classname="com.jbk.tests.AddUserTest"/>
  <testcase name="verifyNamesInAlphabeticalOrder" time="0.078" classname="com.jbk.tests.OperatorsTest"/>
  <testcase name="verifyCommon" time="0.295" classname="com.jbk.tests.DownloadsTest"/>
  <testcase name="verifyClickGoExcel" time="12.926" classname="com.jbk.tests.UsefulLinksTest">
    <failure type="java.lang.AssertionError" message="expected [true] but found [false]">
      <![CDATA[java.lang.AssertionError: expected [true] but found [false]
	at com.jbk.tests.UsefulLinksTest.verifyClickGoExcel(UsefulLinksTest.java:42)
... Removed 29 stack frames]]>
    </failure>
  </testcase> <!-- verifyClickGoExcel -->
  <testcase name="verifyLogo" time="0.06" classname="com.jbk.tests.LoginTest"/>
  <testcase name="verifyHeading" time="0.034" classname="com.jbk.tests.RegisterTest"/>
  <testcase name="verifyCornerHeading" time="0.043" classname="com.jbk.tests.DashboardTest"/>
  <testcase name="verifyMaleGender" time="0.144" classname="com.jbk.tests.UsersTest"/>
  <testcase name="verifyValidAddUser" time="2.533" classname="com.jbk.tests.AddUserTest"/>
  <testcase name="verifyPrefferedWayToConnect_WhatsApp" time="0.178" classname="com.jbk.tests.OperatorsTest"/>
  <testcase name="verifyNone" time="0.384" classname="com.jbk.tests.DownloadsTest"/>
  <testcase name="verifyComplete_UsefulLinksTable" time="0.285" classname="com.jbk.tests.UsefulLinksTest"/>
  <testcase name="verifyMainHeading" time="0.042" classname="com.jbk.tests.LoginTest"/>
  <testcase name="verifyPrefferedWayToConnect_PhoneCall" time="0.185" classname="com.jbk.tests.OperatorsTest"/>
  <testcase name="verifyAlreadyMemberText" time="0.043" classname="com.jbk.tests.RegisterTest"/>
  <testcase name="verifyComplete_DownloadsTable" time="0.732" classname="com.jbk.tests.DownloadsTest"/>
  <testcase name="verifyMainHeading" time="0.037" classname="com.jbk.tests.DashboardTest"/>
  <testcase name="verifyUnameInOrder" time="0.072" classname="com.jbk.tests.UsersTest"/>
</testsuite> <!-- Test -->
