<html>
<head>
<title>TestNG:  Test</title>
<link href="../testng.css" rel="stylesheet" type="text/css" />
<link href="../my-testng.css" rel="stylesheet" type="text/css" />

<style type="text/css">
.log { display: none;} 
.stack-trace { display: none;} 
</style>
<script type="text/javascript">
<!--
function flip(e) {
  current = e.style.display;
  if (current == 'block') {
    e.style.display = 'none';
    return 0;
  }
  else {
    e.style.display = 'block';
    return 1;
  }
}

function toggleBox(szDivId, elem, msg1, msg2)
{
  var res = -1;  if (document.getElementById) {
    res = flip(document.getElementById(szDivId));
  }
  else if (document.all) {
    // this is the way old msie versions work
    res = flip(document.all[szDivId]);
  }
  if(elem) {
    if(res == 0) elem.innerHTML = msg1; else elem.innerHTML = msg2;
  }

}

function toggleAllBoxes() {
  if (document.getElementsByTagName) {
    d = document.getElementsByTagName('div');
    for (i = 0; i < d.length; i++) {
      if (d[i].className == 'log') {
        flip(d[i]);
      }
    }
  }
}

// -->
</script>

</head>
<body>
<h2 align='center'>Test</h2><table border='1' align="center">
<tr>
<td>Tests passed/Failed/Skipped:</td><td>28/2/0</td>
</tr><tr>
<td>Started on:</td><td>Thu Jun 03 16:49:31 IST 2021</td>
</tr>
<tr><td>Total time:</td><td>89 seconds (89592 ms)</td>
</tr><tr>
<td>Included groups:</td><td></td>
</tr><tr>
<td>Excluded groups:</td><td></td>
</tr>
</table><p/>
<small><i>(Hover the method name to see the test class name)</i></small><p/>
<table width='100%' border='1' class='invocation-failed'>
<tr><td colspan='4' align='center'><b>FAILED TESTS</b></td></tr>
<tr><td><b>Test method</b></td>
<td width="30%"><b>Exception</b></td>
<td width="10%"><b>Time (seconds)</b></td>
<td><b>Instance</b></td>
</tr>
<tr>
<td title='com.jbk.tests.UsefulLinksTest.verifyClickGO()'><b>verifyClickGO</b><br>Test class: com.jbk.tests.UsefulLinksTest</td>
<td><div><pre>java.lang.AssertionError: expected [true] but found [false]
	at com.jbk.tests.UsefulLinksTest.verifyClickGO(UsefulLinksTest.java:35)
... Removed 29 stack frames</pre></div><a href='#' onClick='toggleBox("stack-trace107915280", this, "Click to show all stack frames", "Click to hide stack frames")'>Click to show all stack frames</a>
<div class='stack-trace' id='stack-trace107915280'><pre>java.lang.AssertionError: expected [true] but found [false]
	at org.testng.Assert.fail(Assert.java:94)
	at org.testng.Assert.failNotEquals(Assert.java:513)
	at org.testng.Assert.assertTrue(Assert.java:42)
	at org.testng.Assert.assertTrue(Assert.java:52)
	at com.jbk.tests.UsefulLinksTest.verifyClickGO(UsefulLinksTest.java:35)
	at sun.reflect.NativeMethodAccessorImpl.invoke0(Native Method)
	at sun.reflect.NativeMethodAccessorImpl.invoke(Unknown Source)
	at sun.reflect.DelegatingMethodAccessorImpl.invoke(Unknown Source)
	at java.lang.reflect.Method.invoke(Unknown Source)
	at org.testng.internal.MethodInvocationHelper.invokeMethod(MethodInvocationHelper.java:104)
	at org.testng.internal.Invoker.invokeMethod(Invoker.java:645)
	at org.testng.internal.Invoker.invokeTestMethod(Invoker.java:851)
	at org.testng.internal.Invoker.invokeTestMethods(Invoker.java:1177)
	at org.testng.internal.TestMethodWorker.invokeTestMethods(TestMethodWorker.java:129)
	at org.testng.internal.TestMethodWorker.run(TestMethodWorker.java:112)
	at org.testng.TestRunner.privateRun(TestRunner.java:756)
	at org.testng.TestRunner.run(TestRunner.java:610)
	at org.testng.SuiteRunner.runTest(SuiteRunner.java:387)
	at org.testng.SuiteRunner.runSequentially(SuiteRunner.java:382)
	at org.testng.SuiteRunner.privateRun(SuiteRunner.java:340)
	at org.testng.SuiteRunner.run(SuiteRunner.java:289)
	at org.testng.SuiteRunnerWorker.runSuite(SuiteRunnerWorker.java:52)
	at org.testng.SuiteRunnerWorker.run(SuiteRunnerWorker.java:86)
	at org.testng.TestNG.runSuitesSequentially(TestNG.java:1293)
	at org.testng.TestNG.runSuitesLocally(TestNG.java:1218)
	at org.testng.TestNG.runSuites(TestNG.java:1133)
	at org.testng.TestNG.run(TestNG.java:1104)
	at org.testng.remote.AbstractRemoteTestNG.run(AbstractRemoteTestNG.java:132)
	at org.testng.remote.RemoteTestNG.initAndRun(RemoteTestNG.java:236)
	at org.testng.remote.RemoteTestNG.main(RemoteTestNG.java:81)
</pre></div></td>
<td>12</td>
<td>com.jbk.tests.UsefulLinksTest@6e0e048a</td></tr>
<tr>
<td title='com.jbk.tests.UsefulLinksTest.verifyClickGoExcel()'><b>verifyClickGoExcel</b><br>Test class: com.jbk.tests.UsefulLinksTest</td>
<td><div><pre>java.lang.AssertionError: expected [true] but found [false]
	at com.jbk.tests.UsefulLinksTest.verifyClickGoExcel(UsefulLinksTest.java:42)
... Removed 29 stack frames</pre></div><a href='#' onClick='toggleBox("stack-trace1972143064", this, "Click to show all stack frames", "Click to hide stack frames")'>Click to show all stack frames</a>
<div class='stack-trace' id='stack-trace1972143064'><pre>java.lang.AssertionError: expected [true] but found [false]
	at org.testng.Assert.fail(Assert.java:94)
	at org.testng.Assert.failNotEquals(Assert.java:513)
	at org.testng.Assert.assertTrue(Assert.java:42)
	at org.testng.Assert.assertTrue(Assert.java:52)
	at com.jbk.tests.UsefulLinksTest.verifyClickGoExcel(UsefulLinksTest.java:42)
	at sun.reflect.NativeMethodAccessorImpl.invoke0(Native Method)
	at sun.reflect.NativeMethodAccessorImpl.invoke(Unknown Source)
	at sun.reflect.DelegatingMethodAccessorImpl.invoke(Unknown Source)
	at java.lang.reflect.Method.invoke(Unknown Source)
	at org.testng.internal.MethodInvocationHelper.invokeMethod(MethodInvocationHelper.java:104)
	at org.testng.internal.Invoker.invokeMethod(Invoker.java:645)
	at org.testng.internal.Invoker.invokeTestMethod(Invoker.java:851)
	at org.testng.internal.Invoker.invokeTestMethods(Invoker.java:1177)
	at org.testng.internal.TestMethodWorker.invokeTestMethods(TestMethodWorker.java:129)
	at org.testng.internal.TestMethodWorker.run(TestMethodWorker.java:112)
	at org.testng.TestRunner.privateRun(TestRunner.java:756)
	at org.testng.TestRunner.run(TestRunner.java:610)
	at org.testng.SuiteRunner.runTest(SuiteRunner.java:387)
	at org.testng.SuiteRunner.runSequentially(SuiteRunner.java:382)
	at org.testng.SuiteRunner.privateRun(SuiteRunner.java:340)
	at org.testng.SuiteRunner.run(SuiteRunner.java:289)
	at org.testng.SuiteRunnerWorker.runSuite(SuiteRunnerWorker.java:52)
	at org.testng.SuiteRunnerWorker.run(SuiteRunnerWorker.java:86)
	at org.testng.TestNG.runSuitesSequentially(TestNG.java:1293)
	at org.testng.TestNG.runSuitesLocally(TestNG.java:1218)
	at org.testng.TestNG.runSuites(TestNG.java:1133)
	at org.testng.TestNG.run(TestNG.java:1104)
	at org.testng.remote.AbstractRemoteTestNG.run(AbstractRemoteTestNG.java:132)
	at org.testng.remote.RemoteTestNG.initAndRun(RemoteTestNG.java:236)
	at org.testng.remote.RemoteTestNG.main(RemoteTestNG.java:81)
</pre></div></td>
<td>12</td>
<td>com.jbk.tests.UsefulLinksTest@6e0e048a</td></tr>
</table><p>
<table width='100%' border='1' class='invocation-passed'>
<tr><td colspan='4' align='center'><b>PASSED TESTS</b></td></tr>
<tr><td><b>Test method</b></td>
<td width="30%"><b>Exception</b></td>
<td width="10%"><b>Time (seconds)</b></td>
<td><b>Instance</b></td>
</tr>
<tr>
<td title='com.jbk.tests.RegisterTest.verifyAlreadyMemberText()'><b>verifyAlreadyMemberText</b><br>Test class: com.jbk.tests.RegisterTest</td>
<td></td>
<td>0</td>
<td>com.jbk.tests.RegisterTest@4f970963</td></tr>
<tr>
<td title='com.jbk.tests.DownloadsTest.verifyCommon()'><b>verifyCommon</b><br>Test class: com.jbk.tests.DownloadsTest</td>
<td></td>
<td>0</td>
<td>com.jbk.tests.DownloadsTest@5b87ed94</td></tr>
<tr>
<td title='com.jbk.tests.DownloadsTest.verifyComplete_DownloadsTable()'><b>verifyComplete_DownloadsTable</b><br>Test class: com.jbk.tests.DownloadsTest</td>
<td></td>
<td>0</td>
<td>com.jbk.tests.DownloadsTest@5b87ed94</td></tr>
<tr>
<td title='com.jbk.tests.UsefulLinksTest.verifyComplete_UsefulLinksTable()'><b>verifyComplete_UsefulLinksTable</b><br>Test class: com.jbk.tests.UsefulLinksTest</td>
<td></td>
<td>0</td>
<td>com.jbk.tests.UsefulLinksTest@6e0e048a</td></tr>
<tr>
<td title='com.jbk.tests.DashboardTest.verifyCornerHeading()'><b>verifyCornerHeading</b><br>Test class: com.jbk.tests.DashboardTest</td>
<td></td>
<td>0</td>
<td>com.jbk.tests.DashboardTest@61f8bee4</td></tr>
<tr>
<td title='com.jbk.tests.RegisterTest.verifyHeading()'><b>verifyHeading</b><br>Test class: com.jbk.tests.RegisterTest</td>
<td></td>
<td>0</td>
<td>com.jbk.tests.RegisterTest@4f970963</td></tr>
<tr>
<td title='com.jbk.tests.UsersTest.verifyHeadingsAl()'><b>verifyHeadingsAl</b><br>Test class: com.jbk.tests.UsersTest</td>
<td></td>
<td>0</td>
<td>com.jbk.tests.UsersTest@7b49cea0</td></tr>
<tr>
<td title='com.jbk.tests.LoginTest.verifyLogo()'><b>verifyLogo</b><br>Test class: com.jbk.tests.LoginTest</td>
<td></td>
<td>0</td>
<td>com.jbk.tests.LoginTest@65e2dbf3</td></tr>
<tr>
<td title='com.jbk.tests.LoginTest.verifyMainHeading()'><b>verifyMainHeading</b><br>Test class: com.jbk.tests.LoginTest</td>
<td></td>
<td>0</td>
<td>com.jbk.tests.LoginTest@65e2dbf3</td></tr>
<tr>
<td title='com.jbk.tests.DashboardTest.verifyMainHeading()'><b>verifyMainHeading</b><br>Test class: com.jbk.tests.DashboardTest</td>
<td></td>
<td>0</td>
<td>com.jbk.tests.DashboardTest@61f8bee4</td></tr>
<tr>
<td title='com.jbk.tests.UsersTest.verifyMaleGender()'><b>verifyMaleGender</b><br>Test class: com.jbk.tests.UsersTest</td>
<td></td>
<td>0</td>
<td>com.jbk.tests.UsersTest@7b49cea0</td></tr>
<tr>
<td title='com.jbk.tests.UsersTest.verifyMobNoLength()'><b>verifyMobNoLength</b><br>Test class: com.jbk.tests.UsersTest</td>
<td></td>
<td>0</td>
<td>com.jbk.tests.UsersTest@7b49cea0</td></tr>
<tr>
<td title='com.jbk.tests.OperatorsTest.verifyNamesInAlphabeticalOrder()'><b>verifyNamesInAlphabeticalOrder</b><br>Test class: com.jbk.tests.OperatorsTest</td>
<td></td>
<td>0</td>
<td>com.jbk.tests.OperatorsTest@7fac631b</td></tr>
<tr>
<td title='com.jbk.tests.DownloadsTest.verifyNone()'><b>verifyNone</b><br>Test class: com.jbk.tests.DownloadsTest</td>
<td></td>
<td>0</td>
<td>com.jbk.tests.DownloadsTest@5b87ed94</td></tr>
<tr>
<td title='com.jbk.tests.DownloadsTest.verifyOperatingSystem_32bit()'><b>verifyOperatingSystem_32bit</b><br>Test class: com.jbk.tests.DownloadsTest</td>
<td></td>
<td>0</td>
<td>com.jbk.tests.DownloadsTest@5b87ed94</td></tr>
<tr>
<td title='com.jbk.tests.OperatorsTest.verifyPrefferedWayToConnect_PhoneCall()'><b>verifyPrefferedWayToConnect_PhoneCall</b><br>Test class: com.jbk.tests.OperatorsTest</td>
<td></td>
<td>0</td>
<td>com.jbk.tests.OperatorsTest@7fac631b</td></tr>
<tr>
<td title='com.jbk.tests.OperatorsTest.verifyPrefferedWayToConnect_WhatsApp()'><b>verifyPrefferedWayToConnect_WhatsApp</b><br>Test class: com.jbk.tests.OperatorsTest</td>
<td></td>
<td>0</td>
<td>com.jbk.tests.OperatorsTest@7fac631b</td></tr>
<tr>
<td title='com.jbk.tests.AddUserTest.verifyPrintingDragDownOptions()'><b>verifyPrintingDragDownOptions</b><br>Test class: com.jbk.tests.AddUserTest</td>
<td></td>
<td>0</td>
<td>com.jbk.tests.AddUserTest@887af79</td></tr>
<tr>
<td title='com.jbk.tests.LoginTest.verifyTitle()'><b>verifyTitle</b><br>Test class: com.jbk.tests.LoginTest</td>
<td></td>
<td>0</td>
<td>com.jbk.tests.LoginTest@65e2dbf3</td></tr>
<tr>
<td title='com.jbk.tests.RegisterTest.verifyTitle()'><b>verifyTitle</b><br>Test class: com.jbk.tests.RegisterTest</td>
<td></td>
<td>0</td>
<td>com.jbk.tests.RegisterTest@4f970963</td></tr>
<tr>
<td title='com.jbk.tests.DashboardTest.verifyTitle()'><b>verifyTitle</b><br>Test class: com.jbk.tests.DashboardTest</td>
<td></td>
<td>0</td>
<td>com.jbk.tests.DashboardTest@61f8bee4</td></tr>
<tr>
<td title='com.jbk.tests.UsersTest.verifyUnameInOrder()'><b>verifyUnameInOrder</b><br>Test class: com.jbk.tests.UsersTest</td>
<td></td>
<td>0</td>
<td>com.jbk.tests.UsersTest@7b49cea0</td></tr>
<tr>
<td title='com.jbk.tests.RegisterTest.verifyUrl()'><b>verifyUrl</b><br>Test class: com.jbk.tests.RegisterTest</td>
<td></td>
<td>0</td>
<td>com.jbk.tests.RegisterTest@4f970963</td></tr>
<tr>
<td title='com.jbk.tests.DashboardTest.verifyUrl()'><b>verifyUrl</b><br>Test class: com.jbk.tests.DashboardTest</td>
<td></td>
<td>0</td>
<td>com.jbk.tests.DashboardTest@61f8bee4</td></tr>
<tr>
<td title='com.jbk.tests.LoginTest.verifyUrlOfLoginPage()'><b>verifyUrlOfLoginPage</b><br>Test class: com.jbk.tests.LoginTest</td>
<td></td>
<td>0</td>
<td>com.jbk.tests.LoginTest@65e2dbf3</td></tr>
<tr>
<td title='com.jbk.tests.AddUserTest.verifyValidAddUser()'><b>verifyValidAddUser</b><br>Test class: com.jbk.tests.AddUserTest</td>
<td></td>
<td>2</td>
<td>com.jbk.tests.AddUserTest@887af79</td></tr>
<tr>
<td title='com.jbk.tests.OperatorsTest.verifycontactNoLength()'><b>verifycontactNoLength</b><br>Test class: com.jbk.tests.OperatorsTest</td>
<td></td>
<td>0</td>
<td>com.jbk.tests.OperatorsTest@7fac631b</td></tr>
<tr>
<td title='com.jbk.tests.AddUserTest.verifyprintingDragDownOptExcel()'><b>verifyprintingDragDownOptExcel</b><br>Test class: com.jbk.tests.AddUserTest</td>
<td></td>
<td>0</td>
<td>com.jbk.tests.AddUserTest@887af79</td></tr>
</table><p>
</body>
</html>